[17:58:05] [INFO] org.hibernate.Version - HHH000412: Hibernate ORM core version 6.6.13.Final
[17:58:06] [INFO] org.hibernate.cache.internal.RegionFactoryInitiator - HHH000026: Second-level cache disabled
[17:58:06] [WARN] org.hibernate.orm.connections.pooling - HHH10001002: Using built-in connection pool (not intended for production use)
[17:58:07] [INFO] org.hibernate.orm.connections.pooling - HHH10001005: Database info:
	Database JDBC URL [jdbc:mysql://localhost:3306/milou]
	Database driver: com.mysql.cj.jdbc.Driver
	Database version: 8.0.42
	Autocommit mode: false
	Isolation level: undefined/unknown
	Minimum pool size: 1
	Maximum pool size: 20
[17:58:10] [INFO] org.hibernate.engine.transaction.jta.platform.internal.JtaPlatformInitiator - HHH000489: No JTA platform available (set 'hibernate.transaction.jta.platform' to enable JTA platform integration)
[02:42:41] [INFO] org.hibernate.Version - HHH000412: Hibernate ORM core version 6.6.13.Final
[02:42:42] [INFO] org.hibernate.cache.internal.RegionFactoryInitiator - HHH000026: Second-level cache disabled
[02:42:42] [WARN] org.hibernate.orm.connections.pooling - HHH10001002: Using built-in connection pool (not intended for production use)
[02:42:44] [INFO] org.hibernate.orm.connections.pooling - HHH10001005: Database info:
	Database JDBC URL [jdbc:mysql://localhost:3306/milou]
	Database driver: com.mysql.cj.jdbc.Driver
	Database version: 8.0.42
	Autocommit mode: false
	Isolation level: undefined/unknown
	Minimum pool size: 1
	Maximum pool size: 20
[02:42:47] [INFO] org.hibernate.engine.transaction.jta.platform.internal.JtaPlatformInitiator - HHH000489: No JTA platform available (set 'hibernate.transaction.jta.platform' to enable JTA platform integration)
[12:58:32] [INFO] org.hibernate.Version - HHH000412: Hibernate ORM core version 6.6.13.Final
[12:58:33] [INFO] org.hibernate.cache.internal.RegionFactoryInitiator - HHH000026: Second-level cache disabled
[12:58:34] [WARN] org.hibernate.orm.connections.pooling - HHH10001002: Using built-in connection pool (not intended for production use)
[12:58:35] [INFO] org.hibernate.orm.connections.pooling - HHH10001005: Database info:
	Database JDBC URL [jdbc:mysql://localhost:3306/milou]
	Database driver: com.mysql.cj.jdbc.Driver
	Database version: 8.0.42
	Autocommit mode: false
	Isolation level: undefined/unknown
	Minimum pool size: 1
	Maximum pool size: 20
[12:58:37] [INFO] org.hibernate.engine.transaction.jta.platform.internal.JtaPlatformInitiator - HHH000489: No JTA platform available (set 'hibernate.transaction.jta.platform' to enable JTA platform integration)
[14:41:58] [INFO] org.hibernate.Version - HHH000412: Hibernate ORM core version 6.6.13.Final
[14:41:59] [INFO] org.hibernate.cache.internal.RegionFactoryInitiator - HHH000026: Second-level cache disabled
[14:41:59] [WARN] org.hibernate.orm.connections.pooling - HHH10001002: Using built-in connection pool (not intended for production use)
[14:42:00] [INFO] org.hibernate.orm.connections.pooling - HHH10001005: Database info:
	Database JDBC URL [jdbc:mysql://localhost:3306/milou]
	Database driver: com.mysql.cj.jdbc.Driver
	Database version: 8.0.42
	Autocommit mode: false
	Isolation level: undefined/unknown
	Minimum pool size: 1
	Maximum pool size: 20
[14:42:02] [INFO] org.hibernate.engine.transaction.jta.platform.internal.JtaPlatformInitiator - HHH000489: No JTA platform available (set 'hibernate.transaction.jta.platform' to enable JTA platform integration)
[14:45:24] [INFO] org.hibernate.Version - HHH000412: Hibernate ORM core version 6.6.13.Final
[14:45:25] [INFO] org.hibernate.cache.internal.RegionFactoryInitiator - HHH000026: Second-level cache disabled
[14:45:25] [WARN] org.hibernate.orm.connections.pooling - HHH10001002: Using built-in connection pool (not intended for production use)
[14:45:26] [INFO] org.hibernate.orm.connections.pooling - HHH10001005: Database info:
	Database JDBC URL [jdbc:mysql://localhost:3306/milou]
	Database driver: com.mysql.cj.jdbc.Driver
	Database version: 8.0.42
	Autocommit mode: false
	Isolation level: undefined/unknown
	Minimum pool size: 1
	Maximum pool size: 20
[14:45:29] [INFO] org.hibernate.engine.transaction.jta.platform.internal.JtaPlatformInitiator - HHH000489: No JTA platform available (set 'hibernate.transaction.jta.platform' to enable JTA platform integration)
[14:46:21] [INFO] org.hibernate.Version - HHH000412: Hibernate ORM core version 6.6.13.Final
[14:46:22] [INFO] org.hibernate.cache.internal.RegionFactoryInitiator - HHH000026: Second-level cache disabled
[14:46:22] [WARN] org.hibernate.orm.connections.pooling - HHH10001002: Using built-in connection pool (not intended for production use)
[14:46:23] [INFO] org.hibernate.orm.connections.pooling - HHH10001005: Database info:
	Database JDBC URL [jdbc:mysql://localhost:3306/milou]
	Database driver: com.mysql.cj.jdbc.Driver
	Database version: 8.0.42
	Autocommit mode: false
	Isolation level: undefined/unknown
	Minimum pool size: 1
	Maximum pool size: 20
[14:46:25] [INFO] org.hibernate.engine.transaction.jta.platform.internal.JtaPlatformInitiator - HHH000489: No JTA platform available (set 'hibernate.transaction.jta.platform' to enable JTA platform integration)
[14:57:07] [INFO] org.hibernate.Version - HHH000412: Hibernate ORM core version 6.6.13.Final
[14:57:08] [INFO] org.hibernate.cache.internal.RegionFactoryInitiator - HHH000026: Second-level cache disabled
[14:57:08] [WARN] org.hibernate.orm.connections.pooling - HHH10001002: Using built-in connection pool (not intended for production use)
[14:57:09] [INFO] org.hibernate.orm.connections.pooling - HHH10001005: Database info:
	Database JDBC URL [jdbc:mysql://localhost:3306/milou]
	Database driver: com.mysql.cj.jdbc.Driver
	Database version: 8.0.42
	Autocommit mode: false
	Isolation level: undefined/unknown
	Minimum pool size: 1
	Maximum pool size: 20
[14:57:12] [INFO] org.hibernate.engine.transaction.jta.platform.internal.JtaPlatformInitiator - HHH000489: No JTA platform available (set 'hibernate.transaction.jta.platform' to enable JTA platform integration)
[15:08:48] [INFO] org.hibernate.Version - HHH000412: Hibernate ORM core version 6.6.13.Final
[15:08:49] [INFO] org.hibernate.cache.internal.RegionFactoryInitiator - HHH000026: Second-level cache disabled
[15:08:49] [WARN] org.hibernate.orm.connections.pooling - HHH10001002: Using built-in connection pool (not intended for production use)
[15:08:51] [INFO] org.hibernate.orm.connections.pooling - HHH10001005: Database info:
	Database JDBC URL [jdbc:mysql://localhost:3306/milou]
	Database driver: com.mysql.cj.jdbc.Driver
	Database version: 8.0.42
	Autocommit mode: false
	Isolation level: undefined/unknown
	Minimum pool size: 1
	Maximum pool size: 20
[15:08:53] [INFO] org.hibernate.engine.transaction.jta.platform.internal.JtaPlatformInitiator - HHH000489: No JTA platform available (set 'hibernate.transaction.jta.platform' to enable JTA platform integration)
[15:10:54] [INFO] org.hibernate.Version - HHH000412: Hibernate ORM core version 6.6.13.Final
[15:10:54] [INFO] org.hibernate.cache.internal.RegionFactoryInitiator - HHH000026: Second-level cache disabled
[15:10:55] [WARN] org.hibernate.orm.connections.pooling - HHH10001002: Using built-in connection pool (not intended for production use)
[15:10:56] [INFO] org.hibernate.orm.connections.pooling - HHH10001005: Database info:
	Database JDBC URL [jdbc:mysql://localhost:3306/milou]
	Database driver: com.mysql.cj.jdbc.Driver
	Database version: 8.0.42
	Autocommit mode: false
	Isolation level: undefined/unknown
	Minimum pool size: 1
	Maximum pool size: 20
[15:10:58] [INFO] org.hibernate.engine.transaction.jta.platform.internal.JtaPlatformInitiator - HHH000489: No JTA platform available (set 'hibernate.transaction.jta.platform' to enable JTA platform integration)
[23:10:40] [INFO] org.hibernate.Version - HHH000412: Hibernate ORM core version 6.6.13.Final
[23:10:41] [INFO] org.hibernate.cache.internal.RegionFactoryInitiator - HHH000026: Second-level cache disabled
[23:10:42] [WARN] org.hibernate.orm.connections.pooling - HHH10001002: Using built-in connection pool (not intended for production use)
[23:10:43] [INFO] org.hibernate.orm.connections.pooling - HHH10001005: Database info:
	Database JDBC URL [jdbc:mysql://localhost:3306/milou]
	Database driver: com.mysql.cj.jdbc.Driver
	Database version: 8.0.42
	Autocommit mode: false
	Isolation level: undefined/unknown
	Minimum pool size: 1
	Maximum pool size: 20
[23:10:46] [INFO] org.hibernate.engine.transaction.jta.platform.internal.JtaPlatformInitiator - HHH000489: No JTA platform available (set 'hibernate.transaction.jta.platform' to enable JTA platform integration)
[23:15:15] [INFO] org.hibernate.Version - HHH000412: Hibernate ORM core version 6.6.13.Final
[23:15:16] [INFO] org.hibernate.cache.internal.RegionFactoryInitiator - HHH000026: Second-level cache disabled
[23:15:16] [WARN] org.hibernate.orm.connections.pooling - HHH10001002: Using built-in connection pool (not intended for production use)
[23:15:17] [INFO] org.hibernate.orm.connections.pooling - HHH10001005: Database info:
	Database JDBC URL [jdbc:mysql://localhost:3306/milou]
	Database driver: com.mysql.cj.jdbc.Driver
	Database version: 8.0.42
	Autocommit mode: false
	Isolation level: undefined/unknown
	Minimum pool size: 1
	Maximum pool size: 20
[23:15:19] [INFO] org.hibernate.engine.transaction.jta.platform.internal.JtaPlatformInitiator - HHH000489: No JTA platform available (set 'hibernate.transaction.jta.platform' to enable JTA platform integration)
[23:43:44] [INFO] org.hibernate.Version - HHH000412: Hibernate ORM core version 6.6.13.Final
[23:43:45] [INFO] org.hibernate.cache.internal.RegionFactoryInitiator - HHH000026: Second-level cache disabled
[23:43:45] [WARN] org.hibernate.orm.connections.pooling - HHH10001002: Using built-in connection pool (not intended for production use)
[23:43:46] [INFO] org.hibernate.orm.connections.pooling - HHH10001005: Database info:
	Database JDBC URL [jdbc:mysql://localhost:3306/milou]
	Database driver: com.mysql.cj.jdbc.Driver
	Database version: 8.0.42
	Autocommit mode: false
	Isolation level: undefined/unknown
	Minimum pool size: 1
	Maximum pool size: 20
[23:43:48] [INFO] org.hibernate.engine.transaction.jta.platform.internal.JtaPlatformInitiator - HHH000489: No JTA platform available (set 'hibernate.transaction.jta.platform' to enable JTA platform integration)
[00:05:38] [INFO] org.hibernate.Version - HHH000412: Hibernate ORM core version 6.6.13.Final
[00:05:39] [INFO] org.hibernate.cache.internal.RegionFactoryInitiator - HHH000026: Second-level cache disabled
[00:05:39] [WARN] org.hibernate.orm.connections.pooling - HHH10001002: Using built-in connection pool (not intended for production use)
[00:05:40] [INFO] org.hibernate.orm.connections.pooling - HHH10001005: Database info:
	Database JDBC URL [jdbc:mysql://localhost:3306/milou]
	Database driver: com.mysql.cj.jdbc.Driver
	Database version: 8.0.42
	Autocommit mode: false
	Isolation level: undefined/unknown
	Minimum pool size: 1
	Maximum pool size: 20
[00:05:42] [INFO] org.hibernate.engine.transaction.jta.platform.internal.JtaPlatformInitiator - HHH000489: No JTA platform available (set 'hibernate.transaction.jta.platform' to enable JTA platform integration)
[00:07:39] [WARN] org.hibernate.engine.jdbc.spi.SqlExceptionHelper - SQL Error: 1062, SQLState: 23000
[00:07:39] [ERROR] org.hibernate.engine.jdbc.spi.SqlExceptionHelper - Duplicate entry 'fateme' for key 'user.username'
[00:08:08] [INFO] org.hibernate.Version - HHH000412: Hibernate ORM core version 6.6.13.Final
[00:08:08] [INFO] org.hibernate.cache.internal.RegionFactoryInitiator - HHH000026: Second-level cache disabled
[00:08:09] [WARN] org.hibernate.orm.connections.pooling - HHH10001002: Using built-in connection pool (not intended for production use)
[00:08:10] [INFO] org.hibernate.orm.connections.pooling - HHH10001005: Database info:
	Database JDBC URL [jdbc:mysql://localhost:3306/milou]
	Database driver: com.mysql.cj.jdbc.Driver
	Database version: 8.0.42
	Autocommit mode: false
	Isolation level: undefined/unknown
	Minimum pool size: 1
	Maximum pool size: 20
[00:08:12] [INFO] org.hibernate.engine.transaction.jta.platform.internal.JtaPlatformInitiator - HHH000489: No JTA platform available (set 'hibernate.transaction.jta.platform' to enable JTA platform integration)
[00:41:05] [INFO] org.hibernate.Version - HHH000412: Hibernate ORM core version 6.6.13.Final
[00:41:06] [INFO] org.hibernate.cache.internal.RegionFactoryInitiator - HHH000026: Second-level cache disabled
[00:41:06] [WARN] org.hibernate.orm.connections.pooling - HHH10001002: Using built-in connection pool (not intended for production use)
[00:41:07] [INFO] org.hibernate.orm.connections.pooling - HHH10001005: Database info:
	Database JDBC URL [jdbc:mysql://localhost:3306/milou]
	Database driver: com.mysql.cj.jdbc.Driver
	Database version: 8.0.42
	Autocommit mode: false
	Isolation level: undefined/unknown
	Minimum pool size: 1
	Maximum pool size: 20
[00:41:10] [INFO] org.hibernate.engine.transaction.jta.platform.internal.JtaPlatformInitiator - HHH000489: No JTA platform available (set 'hibernate.transaction.jta.platform' to enable JTA platform integration)
[01:05:13] [INFO] org.hibernate.Version - HHH000412: Hibernate ORM core version 6.6.13.Final
[01:05:14] [INFO] org.hibernate.cache.internal.RegionFactoryInitiator - HHH000026: Second-level cache disabled
[01:05:15] [WARN] org.hibernate.orm.connections.pooling - HHH10001002: Using built-in connection pool (not intended for production use)
[01:05:16] [INFO] org.hibernate.orm.connections.pooling - HHH10001005: Database info:
	Database JDBC URL [jdbc:mysql://localhost:3306/milou]
	Database driver: com.mysql.cj.jdbc.Driver
	Database version: 8.0.42
	Autocommit mode: false
	Isolation level: undefined/unknown
	Minimum pool size: 1
	Maximum pool size: 20
[01:05:19] [INFO] org.hibernate.engine.transaction.jta.platform.internal.JtaPlatformInitiator - HHH000489: No JTA platform available (set 'hibernate.transaction.jta.platform' to enable JTA platform integration)
[01:09:39] [INFO] org.hibernate.Version - HHH000412: Hibernate ORM core version 6.6.13.Final
[01:09:40] [INFO] org.hibernate.cache.internal.RegionFactoryInitiator - HHH000026: Second-level cache disabled
[01:09:40] [WARN] org.hibernate.orm.connections.pooling - HHH10001002: Using built-in connection pool (not intended for production use)
[01:09:41] [INFO] org.hibernate.orm.connections.pooling - HHH10001005: Database info:
	Database JDBC URL [jdbc:mysql://localhost:3306/milou]
	Database driver: com.mysql.cj.jdbc.Driver
	Database version: 8.0.42
	Autocommit mode: false
	Isolation level: undefined/unknown
	Minimum pool size: 1
	Maximum pool size: 20
[01:09:44] [INFO] org.hibernate.engine.transaction.jta.platform.internal.JtaPlatformInitiator - HHH000489: No JTA platform available (set 'hibernate.transaction.jta.platform' to enable JTA platform integration)
[01:14:39] [INFO] org.hibernate.Version - HHH000412: Hibernate ORM core version 6.6.13.Final
[01:14:39] [INFO] org.hibernate.cache.internal.RegionFactoryInitiator - HHH000026: Second-level cache disabled
[01:14:40] [WARN] org.hibernate.orm.connections.pooling - HHH10001002: Using built-in connection pool (not intended for production use)
[01:14:41] [INFO] org.hibernate.orm.connections.pooling - HHH10001005: Database info:
	Database JDBC URL [jdbc:mysql://localhost:3306/milou]
	Database driver: com.mysql.cj.jdbc.Driver
	Database version: 8.0.42
	Autocommit mode: false
	Isolation level: undefined/unknown
	Minimum pool size: 1
	Maximum pool size: 20
[01:14:43] [INFO] org.hibernate.engine.transaction.jta.platform.internal.JtaPlatformInitiator - HHH000489: No JTA platform available (set 'hibernate.transaction.jta.platform' to enable JTA platform integration)
[01:26:52] [INFO] org.hibernate.Version - HHH000412: Hibernate ORM core version 6.6.13.Final
[01:26:53] [INFO] org.hibernate.cache.internal.RegionFactoryInitiator - HHH000026: Second-level cache disabled
[01:26:53] [WARN] org.hibernate.orm.connections.pooling - HHH10001002: Using built-in connection pool (not intended for production use)
[01:26:54] [INFO] org.hibernate.orm.connections.pooling - HHH10001005: Database info:
	Database JDBC URL [jdbc:mysql://localhost:3306/milou]
	Database driver: com.mysql.cj.jdbc.Driver
	Database version: 8.0.42
	Autocommit mode: false
	Isolation level: undefined/unknown
	Minimum pool size: 1
	Maximum pool size: 20
[01:26:57] [INFO] org.hibernate.engine.transaction.jta.platform.internal.JtaPlatformInitiator - HHH000489: No JTA platform available (set 'hibernate.transaction.jta.platform' to enable JTA platform integration)
[01:39:22] [INFO] org.hibernate.Version - HHH000412: Hibernate ORM core version 6.6.13.Final
[01:39:22] [INFO] org.hibernate.cache.internal.RegionFactoryInitiator - HHH000026: Second-level cache disabled
[01:39:23] [WARN] org.hibernate.orm.connections.pooling - HHH10001002: Using built-in connection pool (not intended for production use)
[01:39:24] [INFO] org.hibernate.orm.connections.pooling - HHH10001005: Database info:
	Database JDBC URL [jdbc:mysql://localhost:3306/milou]
	Database driver: com.mysql.cj.jdbc.Driver
	Database version: 8.0.42
	Autocommit mode: false
	Isolation level: undefined/unknown
	Minimum pool size: 1
	Maximum pool size: 20
[01:39:27] [INFO] org.hibernate.engine.transaction.jta.platform.internal.JtaPlatformInitiator - HHH000489: No JTA platform available (set 'hibernate.transaction.jta.platform' to enable JTA platform integration)
[01:39:40] [WARN] org.hibernate.engine.jdbc.spi.SqlExceptionHelper - SQL Error: 1054, SQLState: 42S22
[01:39:40] [ERROR] org.hibernate.engine.jdbc.spi.SqlExceptionHelper - Unknown column 'e1_0.important' in 'field list'
[01:40:03] [WARN] org.hibernate.engine.jdbc.spi.SqlExceptionHelper - SQL Error: 1054, SQLState: 42S22
[01:40:03] [ERROR] org.hibernate.engine.jdbc.spi.SqlExceptionHelper - Unknown column 'e1_0.important' in 'field list'
[01:43:34] [INFO] org.hibernate.Version - HHH000412: Hibernate ORM core version 6.6.13.Final
[01:43:35] [INFO] org.hibernate.cache.internal.RegionFactoryInitiator - HHH000026: Second-level cache disabled
[01:43:35] [WARN] org.hibernate.orm.connections.pooling - HHH10001002: Using built-in connection pool (not intended for production use)
[01:43:36] [INFO] org.hibernate.orm.connections.pooling - HHH10001005: Database info:
	Database JDBC URL [jdbc:mysql://localhost:3306/milou]
	Database driver: com.mysql.cj.jdbc.Driver
	Database version: 8.0.42
	Autocommit mode: false
	Isolation level: undefined/unknown
	Minimum pool size: 1
	Maximum pool size: 20
[01:43:39] [INFO] org.hibernate.engine.transaction.jta.platform.internal.JtaPlatformInitiator - HHH000489: No JTA platform available (set 'hibernate.transaction.jta.platform' to enable JTA platform integration)
